\BOOKMARK [1][-]{section.1}{Introduction}{}% 1
\BOOKMARK [1][-]{section.2}{The Data}{}% 2
\BOOKMARK [2][-]{subsection.2.1}{The Sample}{section.2}% 3
\BOOKMARK [2][-]{subsection.2.2}{Facts}{section.2}% 4
\BOOKMARK [2][-]{subsection.2.3}{The Extensive and Intensive Margins of Cohabitation}{section.2}% 5
\BOOKMARK [1][-]{section.3}{Theory}{}% 6
\BOOKMARK [2][-]{subsection.3.1}{The Match quality}{section.3}% 7
\BOOKMARK [2][-]{subsection.3.2}{Preferences}{section.3}% 8
\BOOKMARK [2][-]{subsection.3.3}{The Income Process}{section.3}% 9
\BOOKMARK [2][-]{subsection.3.4}{The Budget Constraint}{section.3}% 10
\BOOKMARK [2][-]{subsection.3.5}{Singles}{section.3}% 11
\BOOKMARK [2][-]{subsection.3.6}{Cohabiting partners}{section.3}% 12
\BOOKMARK [2][-]{subsection.3.7}{Married partners}{section.3}% 13
\BOOKMARK [2][-]{subsection.3.8}{The Choices}{section.3}% 14
\BOOKMARK [1][-]{section.4}{Structural Estimation}{}% 15
\BOOKMARK [2][-]{subsection.4.1}{The targeted moments}{section.4}% 16
\BOOKMARK [2][-]{subsection.4.2}{Identification}{section.4}% 17
\BOOKMARK [2][-]{subsection.4.3}{Estimation results}{section.4}% 18
\BOOKMARK [1][-]{section.5}{Policy Experiment}{}% 19
\BOOKMARK [1][-]{section.6}{Conclusion}{}% 20
\BOOKMARK [1][-]{appendix.A}{Appendix}{}% 21
\BOOKMARK [2][-]{subsection.A.1}{Wage Process}{appendix.A}% 22
\BOOKMARK [1][-]{appendix.B}{Figures}{}% 23
\BOOKMARK [1][-]{appendix.C}{Tables}{}% 24
\BOOKMARK [2][-]{subsection.C.1}{Duration Analysis}{appendix.C}% 25
\BOOKMARK [2][-]{subsection.C.2}{Duration Analysis with Simulated Data}{appendix.C}% 26
