\BOOKMARK [1][-]{section.1}{Data and Stylized Facts}{}% 1
\BOOKMARK [2][-]{subsection.1.1}{Sample}{section.1}% 2
\BOOKMARK [2][-]{subsection.1.2}{Facts}{section.1}% 3
\BOOKMARK [2][-]{subsection.1.3}{The Extensive and Intensive Margins of Cohabitation}{section.1}% 4
\BOOKMARK [1][-]{section.2}{Theory}{}% 5
\BOOKMARK [2][-]{subsection.2.1}{Preferences}{section.2}% 6
\BOOKMARK [2][-]{subsection.2.2}{Match Quality}{section.2}% 7
\BOOKMARK [2][-]{subsection.2.3}{Home Production}{section.2}% 8
\BOOKMARK [2][-]{subsection.2.4}{Wages}{section.2}% 9
\BOOKMARK [2][-]{subsection.2.5}{Budget Constraints}{section.2}% 10
\BOOKMARK [2][-]{subsection.2.6}{Problem of the Singles and Divorcees}{section.2}% 11
\BOOKMARK [2][-]{subsection.2.7}{Marriage}{section.2}% 12
\BOOKMARK [2][-]{subsection.2.8}{Cohabitation}{section.2}% 13
\BOOKMARK [2][-]{subsection.2.9}{Partnership Choice and the Mating Market}{section.2}% 14
\BOOKMARK [1][-]{section.3}{Estimation}{}% 15
\BOOKMARK [2][-]{subsection.3.1}{Income Processes}{section.3}% 16
\BOOKMARK [2][-]{subsection.3.2}{Preset Parameters}{section.3}% 17
\BOOKMARK [2][-]{subsection.3.3}{Method of Simulated Moments}{section.3}% 18
\BOOKMARK [2][-]{subsection.3.4}{Identification}{section.3}% 19
\BOOKMARK [2][-]{subsection.3.5}{Model Fit}{section.3}% 20
\BOOKMARK [1][-]{section.4}{Mechanisms and Experiments}{}% 21
\BOOKMARK [1][-]{section.5}{Conclusion}{}% 22
\BOOKMARK [1][-]{appendix.A}{Figures}{}% 23
