\BOOKMARK [1][-]{section.1}{Introduction}{}% 1
\BOOKMARK [1][-]{section.2}{The Data}{}% 2
\BOOKMARK [2][-]{subsection.2.1}{The Sample}{section.2}% 3
\BOOKMARK [2][-]{subsection.2.2}{Stylized Facts}{section.2}% 4
\BOOKMARK [2][-]{subsection.2.3}{The Extensive and Intensive Margins of Cohabitation}{section.2}% 5
\BOOKMARK [1][-]{section.3}{Theory}{}% 6
\BOOKMARK [2][-]{subsection.3.1}{Preferences and Budget Constraint}{section.3}% 7
\BOOKMARK [2][-]{subsection.3.2}{The Match quality}{section.3}% 8
\BOOKMARK [2][-]{subsection.3.3}{Singles}{section.3}% 9
\BOOKMARK [2][-]{subsection.3.4}{Cohabiting partners}{section.3}% 10
\BOOKMARK [2][-]{subsection.3.5}{Married partners}{section.3}% 11
\BOOKMARK [1][-]{section.4}{The Mechanisms}{}% 12
\BOOKMARK [2][-]{subsection.4.1}{Learning}{section.4}% 13
\BOOKMARK [2][-]{subsection.4.2}{Self Selection}{section.4}% 14
\BOOKMARK [1][-]{section.5}{Estimation}{}% 15
\BOOKMARK [2][-]{subsection.5.1}{The moments}{section.5}% 16
\BOOKMARK [2][-]{subsection.5.2}{The target moments}{section.5}% 17
\BOOKMARK [2][-]{subsection.5.3}{Method of simulated moments}{section.5}% 18
\BOOKMARK [2][-]{subsection.5.4}{Estimation results}{section.5}% 19
\BOOKMARK [1][-]{section.6}{Experiments}{}% 20
\BOOKMARK [1][-]{section.7}{Conclusion}{}% 21
