\BOOKMARK [1][-]{section.1}{Introduction}{}% 1
\BOOKMARK [1][-]{section.2}{Data and Stylized Facts}{}% 2
\BOOKMARK [2][-]{subsection.2.1}{Sample}{section.2}% 3
\BOOKMARK [2][-]{subsection.2.2}{Facts}{section.2}% 4
\BOOKMARK [2][-]{subsection.2.3}{The Extensive and Intensive Margins of Cohabitation}{section.2}% 5
\BOOKMARK [1][-]{section.3}{Theory}{}% 6
\BOOKMARK [2][-]{subsection.3.1}{Preferences}{section.3}% 7
\BOOKMARK [2][-]{subsection.3.2}{Match Quality}{section.3}% 8
\BOOKMARK [2][-]{subsection.3.3}{Home Production}{section.3}% 9
\BOOKMARK [2][-]{subsection.3.4}{Wages}{section.3}% 10
\BOOKMARK [2][-]{subsection.3.5}{Budget Constraints}{section.3}% 11
\BOOKMARK [2][-]{subsection.3.6}{Problem of the Singles and Divorcees}{section.3}% 12
\BOOKMARK [2][-]{subsection.3.7}{Marriage}{section.3}% 13
\BOOKMARK [2][-]{subsection.3.8}{Cohabitation}{section.3}% 14
\BOOKMARK [2][-]{subsection.3.9}{Partnership Choice and the Mating Market}{section.3}% 15
\BOOKMARK [1][-]{section.4}{Estimation}{}% 16
\BOOKMARK [2][-]{subsection.4.1}{Income Processes}{section.4}% 17
\BOOKMARK [2][-]{subsection.4.2}{Preset Parameters}{section.4}% 18
\BOOKMARK [2][-]{subsection.4.3}{Method of Simulated Moments}{section.4}% 19
\BOOKMARK [2][-]{subsection.4.4}{Identification}{section.4}% 20
\BOOKMARK [2][-]{subsection.4.5}{Model Fit}{section.4}% 21
